<?xml version="1.0" encoding="utf-8"?><testsuites name="pytest tests"><testsuite name="pytest" errors="0" failures="0" skipped="0" tests="21" time="2.908" timestamp="2026-03-18T19:05:52.467437+00:00" hostname="agent-env-0bd14c2b-aba0-45b6-bee1-80d33b5df613"><testcase classname="backend.tests.test_phase2_features.TestCategoriesAPI" name="test_get_categories" time="0.541" /><testcase classname="backend.tests.test_phase2_features.TestCategoriesAPI" name="test_create_category" time="0.075" /><testcase classname="backend.tests.test_phase2_features.TestCategoriesAPI" name="test_update_category" time="0.114" /><testcase classname="backend.tests.test_phase2_features.TestCategoriesAPI" name="test_reorder_categories" time="0.201" /><testcase classname="backend.tests.test_phase2_features.TestCategoriesAPI" name="test_delete_category" time="0.206" /><testcase classname="backend.tests.test_phase2_features.TestOptionsAPI" name="test_save_city_option" time="0.070" /><testcase classname="backend.tests.test_phase2_features.TestOptionsAPI" name="test_get_city_options" time="0.082" /><testcase classname="backend.tests.test_phase2_features.TestOptionsAPI" name="test_save_province_option" time="0.074" /><testcase classname="backend.tests.test_phase2_features.TestOptionsAPI" name="test_get_province_options" time="0.094" /><testcase classname="backend.tests.test_phase2_features.TestOptionsAPI" name="test_save_payment_terms_option" time="0.074" /><testcase classname="backend.tests.test_phase2_features.TestOptionsAPI" name="test_get_payment_terms_options" time="0.072" /><testcase classname="backend.tests.test_phase2_features.TestGlobalSearchAPI" name="test_search_clients" time="0.181" /><testcase classname="backend.tests.test_phase2_features.TestGlobalSearchAPI" name="test_search_materials" time="0.164" /><testcase classname="backend.tests.test_phase2_features.TestGlobalSearchAPI" name="test_search_empty_query" time="0.077" /><testcase classname="backend.tests.test_phase2_features.TestGlobalSearchAPI" name="test_cleanup_search_data" time="0.149" /><testcase classname="backend.tests.test_phase2_features.TestInactivitySettings" name="test_login_returns_timeout" time="0.334" /><testcase classname="backend.tests.test_phase2_features.TestInactivitySettings" name="test_settings_include_timeout" time="0.075" /><testcase classname="backend.tests.test_phase2_features.TestClientWithComboboxFields" name="test_create_client_with_combobox_fields" time="0.072" /><testcase classname="backend.tests.test_phase2_features.TestClientWithComboboxFields" name="test_update_client_combobox_fields" time="0.067" /><testcase classname="backend.tests.test_phase2_features.TestClientWithComboboxFields" name="test_get_client_with_combobox_fields" time="0.059" /><testcase classname="backend.tests.test_phase2_features.TestClientWithComboboxFields" name="test_cleanup_client" time="0.070" /></testsuite></testsuites>