<?xml version="1.0" encoding="utf-8"?><testsuites name="pytest tests"><testsuite name="pytest" errors="0" failures="0" skipped="0" tests="25" time="8.194" timestamp="2026-03-18T18:43:57.879029+00:00" hostname="agent-env-0bd14c2b-aba0-45b6-bee1-80d33b5df613"><testcase classname="backend.tests.test_api.TestAuth" name="test_login_success" time="0.498" /><testcase classname="backend.tests.test_api.TestAuth" name="test_login_with_remember_me" time="0.310" /><testcase classname="backend.tests.test_api.TestAuth" name="test_login_invalid_credentials" time="0.074" /><testcase classname="backend.tests.test_api.TestAuth" name="test_login_empty_credentials" time="0.068" /><testcase classname="backend.tests.test_api.TestAuthenticatedEndpoints" name="test_get_me" time="0.417" /><testcase classname="backend.tests.test_api.TestAuthenticatedEndpoints" name="test_get_sessions" time="0.060" /><testcase classname="backend.tests.test_api.TestAuthenticatedEndpoints" name="test_heartbeat" time="0.063" /><testcase classname="backend.tests.test_api.TestCategories" name="test_get_categories" time="0.405" /><testcase classname="backend.tests.test_api.TestClientsCRUD" name="test_create_client" time="0.566" /><testcase classname="backend.tests.test_api.TestClientsCRUD" name="test_get_all_clients" time="0.121" /><testcase classname="backend.tests.test_api.TestClientsCRUD" name="test_get_client_by_id" time="0.061" /><testcase classname="backend.tests.test_api.TestClientsCRUD" name="test_update_client" time="0.121" /><testcase classname="backend.tests.test_api.TestClientsCRUD" name="test_search_clients" time="0.074" /><testcase classname="backend.tests.test_api.TestClientsCRUD" name="test_delete_client" time="0.309" /><testcase classname="backend.tests.test_api.TestQuotesCRUD" name="test_create_quote" time="0.832" /><testcase classname="backend.tests.test_api.TestQuotesCRUD" name="test_get_all_quotes" time="0.070" /><testcase classname="backend.tests.test_api.TestQuotesCRUD" name="test_quote_update_and_delete" time="0.386" /><testcase classname="backend.tests.test_api.TestDashboard" name="test_get_dashboard_stats" time="0.476" /><testcase classname="backend.tests.test_api.TestSettings" name="test_get_settings" time="0.396" /><testcase classname="backend.tests.test_api.TestSearch" name="test_global_search" time="0.431" /><testcase classname="backend.tests.test_api.TestMaterials" name="test_get_materials" time="0.425" /><testcase classname="backend.tests.test_api.TestMaterials" name="test_material_crud" time="0.285" /><testcase classname="backend.tests.test_api.TestExpenses" name="test_expenses_crud" time="0.533" /><testcase classname="backend.tests.test_api.TestEmployeesAndPayments" name="test_employees_crud" time="0.663" /><testcase classname="backend.tests.test_api.TestLogout" name="test_logout" time="0.411" /></testsuite></testsuites>